The system is: Darwin - 21.6.0 - x86_64
Detecting C compiler ABI info compiled with the following output:
Change Dir: /Users/mohammadeid/Documents/GitHub/computer-graphics-2023-muhammad-sliman/Build/CMakeFiles/CMakeTmp

Run Build Command(s):/usr/bin/xcodebuild -project CMAKE_TRY_COMPILE.xcodeproj build -target cmTC_fc732 -parallelizeTargets -configuration Debug -hideShellScriptEnvironment && Command line invocation:
    /Applications/Xcode.app/Contents/Developer/usr/bin/xcodebuild -project CMAKE_TRY_COMPILE.xcodeproj build -target cmTC_fc732 -parallelizeTargets -configuration Debug -hideShellScriptEnvironment

User defaults from command line:
    HideShellScriptEnvironment = YES
    IDEPackageSupportUseBuiltinSCM = YES

Computing target dependency graph and provisioning inputs

Create build description
Build description signature: ba24031caa315bfb85161297dc7a5760
Build description path: /Users/mohammadeid/Documents/GitHub/computer-graphics-2023-muhammad-sliman/Build/CMakeFiles/CMakeTmp/build/XCBuildData/ba24031caa315bfb85161297dc7a5760-desc.xcbuild

note: Building targets in dependency order
CreateBuildDirectory /Users/mohammadeid/Documents/GitHub/computer-graphics-2023-muhammad-sliman/Build/CMakeFiles/CMakeTmp
    cd /Users/mohammadeid/Documents/GitHub/computer-graphics-2023-muhammad-sliman/Build/CMakeFiles/CMakeTmp/CMAKE_TRY_COMPILE.xcodeproj
    builtin-create-build-directory /Users/mohammadeid/Documents/GitHub/computer-graphics-2023-muhammad-sliman/Build/CMakeFiles/CMakeTmp

CreateBuildDirectory /Users/mohammadeid/Documents/GitHub/computer-graphics-2023-muhammad-sliman/Build/CMakeFiles/CMakeTmp/EagerLinkingTBDs
    cd /Users/mohammadeid/Documents/GitHub/computer-graphics-2023-muhammad-sliman/Build/CMakeFiles/CMakeTmp/CMAKE_TRY_COMPILE.xcodeproj
    builtin-create-build-directory /Users/mohammadeid/Documents/GitHub/computer-graphics-2023-muhammad-sliman/Build/CMakeFiles/CMakeTmp/EagerLinkingTBDs

CreateBuildDirectory /Users/mohammadeid/Documents/GitHub/computer-graphics-2023-muhammad-sliman/Build/CMakeFiles/CMakeTmp/Debug
    cd /Users/mohammadeid/Documents/GitHub/computer-graphics-2023-muhammad-sliman/Build/CMakeFiles/CMakeTmp/CMAKE_TRY_COMPILE.xcodeproj
    builtin-create-build-directory /Users/mohammadeid/Documents/GitHub/computer-graphics-2023-muhammad-sliman/Build/CMakeFiles/CMakeTmp/Debug

WriteAuxiliaryFile /Users/mohammadeid/Documents/GitHub/computer-graphics-2023-muhammad-sliman/Build/CMakeFiles/CMakeTmp/CMAKE_TRY_COMPILE.build/Debug/cmTC_fc732.build/Objects-normal/x86_64/cmTC_fc732.LinkFileList (in target 'cmTC_fc732' from project 'CMAKE_TRY_COMPILE')
    cd /Users/mohammadeid/Documents/GitHub/computer-graphics-2023-muhammad-sliman/Build/CMakeFiles/CMakeTmp
    write-file /Users/mohammadeid/Documents/GitHub/computer-graphics-2023-muhammad-sliman/Build/CMakeFiles/CMakeTmp/CMAKE_TRY_COMPILE.build/Debug/cmTC_fc732.build/Objects-normal/x86_64/cmTC_fc732.LinkFileList

CompileC /Users/mohammadeid/Documents/GitHub/computer-graphics-2023-muhammad-sliman/Build/CMakeFiles/CMakeTmp/CMAKE_TRY_COMPILE.build/Debug/cmTC_fc732.build/Objects-normal/x86_64/CMakeCCompilerABI.o /Applications/CMake.app/Contents/share/cmake-3.22/Modules/CMakeCCompilerABI.c normal x86_64 c com.apple.compilers.llvm.clang.1_0.compiler (in target 'cmTC_fc732' from project 'CMAKE_TRY_COMPILE')
    cd /Users/mohammadeid/Documents/GitHub/computer-graphics-2023-muhammad-sliman/Build/CMakeFiles/CMakeTmp
    /Applications/Xcode.app/Contents/Developer/Toolchains/XcodeDefault.xctoolchain/usr/bin/clang -x c -target x86_64-apple-macos12.5 -fmessage-length\=0 -fdiagnostics-show-note-include-stack -fmacro-backtrace-limit\=0 -Wno-trigraphs -fpascal-strings -O0 -Wno-missing-field-initializers -Wno-missing-prototypes -Wno-return-type -Wno-missing-braces -Wparentheses -Wswitch -Wno-unused-function -Wno-unused-label -Wno-unused-parameter -Wno-unused-variable -Wunused-value -Wno-empty-body -Wno-uninitialized -Wno-unknown-pragmas -Wno-shadow -Wno-four-char-constants -Wno-conversion -Wno-constant-conversion -Wno-int-conversion -Wno-bool-conversion -Wno-enum-conversion -Wno-float-conversion -Wno-non-literal-null-conversion -Wno-objc-literal-conversion -Wshorten-64-to-32 -Wpointer-sign -Wno-newline-eof -Wno-implicit-fallthrough -DCMAKE_INTDIR\=\"Debug\" -isysroot /Applications/Xcode.app/Contents/Developer/Platforms/MacOSX.platform/Developer/SDKs/MacOSX13.0.sdk -fasm-blocks -fstrict-aliasing -Wdeprecated-declarations -Wno-sign-conversion -Wno-infinite-recursion -Wno-comma -Wno-block-capture-autoreleasing -Wno-strict-prototypes -Wno-semicolon-before-method-body -I/Users/mohammadeid/Documents/GitHub/computer-graphics-2023-muhammad-sliman/Build/CMakeFiles/CMakeTmp/Debug/include -I/Users/mohammadeid/Documents/GitHub/computer-graphics-2023-muhammad-sliman/Build/CMakeFiles/CMakeTmp/CMAKE_TRY_COMPILE.build/Debug/cmTC_fc732.build/DerivedSources-normal/x86_64 -I/Users/mohammadeid/Documents/GitHub/computer-graphics-2023-muhammad-sliman/Build/CMakeFiles/CMakeTmp/CMAKE_TRY_COMPILE.build/Debug/cmTC_fc732.build/DerivedSources/x86_64 -I/Users/mohammadeid/Documents/GitHub/computer-graphics-2023-muhammad-sliman/Build/CMakeFiles/CMakeTmp/CMAKE_TRY_COMPILE.build/Debug/cmTC_fc732.build/DerivedSources -F/Users/mohammadeid/Documents/GitHub/computer-graphics-2023-muhammad-sliman/Build/CMakeFiles/CMakeTmp/Debug -MMD -MT dependencies -MF /Users/mohammadeid/Documents/GitHub/computer-graphics-2023-muhammad-sliman/Build/CMakeFiles/CMakeTmp/CMAKE_TRY_COMPILE.build/Debug/cmTC_fc732.build/Objects-normal/x86_64/CMakeCCompilerABI.d --serialize-diagnostics /Users/mohammadeid/Documents/GitHub/computer-graphics-2023-muhammad-sliman/Build/CMakeFiles/CMakeTmp/CMAKE_TRY_COMPILE.build/Debug/cmTC_fc732.build/Objects-normal/x86_64/CMakeCCompilerABI.dia -c /Applications/CMake.app/Contents/share/cmake-3.22/Modules/CMakeCCompilerABI.c -o /Users/mohammadeid/Documents/GitHub/computer-graphics-2023-muhammad-sliman/Build/CMakeFiles/CMakeTmp/CMAKE_TRY_COMPILE.build/Debug/cmTC_fc732.build/Objects-normal/x86_64/CMakeCCompilerABI.o

Ld /Users/mohammadeid/Documents/GitHub/computer-graphics-2023-muhammad-sliman/Build/CMakeFiles/CMakeTmp/Debug/cmTC_fc732 normal (in target 'cmTC_fc732' from project 'CMAKE_TRY_COMPILE')
    cd /Users/mohammadeid/Documents/GitHub/computer-graphics-2023-muhammad-sliman/Build/CMakeFiles/CMakeTmp
    /Applications/Xcode.app/Contents/Developer/Toolchains/XcodeDefault.xctoolchain/usr/bin/clang -target x86_64-apple-macos12.5 -isysroot /Applications/Xcode.app/Contents/Developer/Platforms/MacOSX.platform/Developer/SDKs/MacOSX13.0.sdk -L/Users/mohammadeid/Documents/GitHub/computer-graphics-2023-muhammad-sliman/Build/CMakeFiles/CMakeTmp/EagerLinkingTBDs -L/Users/mohammadeid/Documents/GitHub/computer-graphics-2023-muhammad-sliman/Build/CMakeFiles/CMakeTmp/Debug -F/Users/mohammadeid/Documents/GitHub/computer-graphics-2023-muhammad-sliman/Build/CMakeFiles/CMakeTmp/EagerLinkingTBDs -F/Users/mohammadeid/Documents/GitHub/computer-graphics-2023-muhammad-sliman/Build/CMakeFiles/CMakeTmp/Debug -filelist /Users/mohammadeid/Documents/GitHub/computer-graphics-2023-muhammad-sliman/Build/CMakeFiles/CMakeTmp/CMAKE_TRY_COMPILE.build/Debug/cmTC_fc732.build/Objects-normal/x86_64/cmTC_fc732.LinkFileList -Xlinker -no_deduplicate -Wl,-search_paths_first -Wl,-headerpad_max_install_names -Xlinker -dependency_info -Xlinker /Users/mohammadeid/Documents/GitHub/computer-graphics-2023-muhammad-sliman/Build/CMakeFiles/CMakeTmp/CMAKE_TRY_COMPILE.build/Debug/cmTC_fc732.build/Objects-normal/x86_64/cmTC_fc732_dependency_info.dat -o /Users/mohammadeid/Documents/GitHub/computer-graphics-2023-muhammad-sliman/Build/CMakeFiles/CMakeTmp/Debug/cmTC_fc732

RegisterExecutionPolicyException /Users/mohammadeid/Documents/GitHub/computer-graphics-2023-muhammad-sliman/Build/CMakeFiles/CMakeTmp/Debug/cmTC_fc732 (in target 'cmTC_fc732' from project 'CMAKE_TRY_COMPILE')
    cd /Users/mohammadeid/Documents/GitHub/computer-graphics-2023-muhammad-sliman/Build/CMakeFiles/CMakeTmp
    builtin-RegisterExecutionPolicyException /Users/mohammadeid/Documents/GitHub/computer-graphics-2023-muhammad-sliman/Build/CMakeFiles/CMakeTmp/Debug/cmTC_fc732

** BUILD SUCCEEDED **




Detecting CXX compiler ABI info compiled with the following output:
Change Dir: /Users/mohammadeid/Documents/GitHub/computer-graphics-2023-muhammad-sliman/Build/CMakeFiles/CMakeTmp

Run Build Command(s):/usr/bin/xcodebuild -project CMAKE_TRY_COMPILE.xcodeproj build -target cmTC_20391 -parallelizeTargets -configuration Debug -hideShellScriptEnvironment && Command line invocation:
    /Applications/Xcode.app/Contents/Developer/usr/bin/xcodebuild -project CMAKE_TRY_COMPILE.xcodeproj build -target cmTC_20391 -parallelizeTargets -configuration Debug -hideShellScriptEnvironment

User defaults from command line:
    HideShellScriptEnvironment = YES
    IDEPackageSupportUseBuiltinSCM = YES

Computing target dependency graph and provisioning inputs

Create build description
Build description signature: 2738b4b33b383676f238756524778dbe
Build description path: /Users/mohammadeid/Documents/GitHub/computer-graphics-2023-muhammad-sliman/Build/CMakeFiles/CMakeTmp/build/XCBuildData/2738b4b33b383676f238756524778dbe-desc.xcbuild

note: Building targets in dependency order
CreateBuildDirectory /Users/mohammadeid/Documents/GitHub/computer-graphics-2023-muhammad-sliman/Build/CMakeFiles/CMakeTmp
    cd /Users/mohammadeid/Documents/GitHub/computer-graphics-2023-muhammad-sliman/Build/CMakeFiles/CMakeTmp/CMAKE_TRY_COMPILE.xcodeproj
    builtin-create-build-directory /Users/mohammadeid/Documents/GitHub/computer-graphics-2023-muhammad-sliman/Build/CMakeFiles/CMakeTmp

CreateBuildDirectory /Users/mohammadeid/Documents/GitHub/computer-graphics-2023-muhammad-sliman/Build/CMakeFiles/CMakeTmp/EagerLinkingTBDs
    cd /Users/mohammadeid/Documents/GitHub/computer-graphics-2023-muhammad-sliman/Build/CMakeFiles/CMakeTmp/CMAKE_TRY_COMPILE.xcodeproj
    builtin-create-build-directory /Users/mohammadeid/Documents/GitHub/computer-graphics-2023-muhammad-sliman/Build/CMakeFiles/CMakeTmp/EagerLinkingTBDs

CreateBuildDirectory /Users/mohammadeid/Documents/GitHub/computer-graphics-2023-muhammad-sliman/Build/CMakeFiles/CMakeTmp/Debug
    cd /Users/mohammadeid/Documents/GitHub/computer-graphics-2023-muhammad-sliman/Build/CMakeFiles/CMakeTmp/CMAKE_TRY_COMPILE.xcodeproj
    builtin-create-build-directory /Users/mohammadeid/Documents/GitHub/computer-graphics-2023-muhammad-sliman/Build/CMakeFiles/CMakeTmp/Debug

WriteAuxiliaryFile /Users/mohammadeid/Documents/GitHub/computer-graphics-2023-muhammad-sliman/Build/CMakeFiles/CMakeTmp/CMAKE_TRY_COMPILE.build/Debug/cmTC_20391.build/Objects-normal/x86_64/cmTC_20391.LinkFileList (in target 'cmTC_20391' from project 'CMAKE_TRY_COMPILE')
    cd /Users/mohammadeid/Documents/GitHub/computer-graphics-2023-muhammad-sliman/Build/CMakeFiles/CMakeTmp
    write-file /Users/mohammadeid/Documents/GitHub/computer-graphics-2023-muhammad-sliman/Build/CMakeFiles/CMakeTmp/CMAKE_TRY_COMPILE.build/Debug/cmTC_20391.build/Objects-normal/x86_64/cmTC_20391.LinkFileList

CompileC /Users/mohammadeid/Documents/GitHub/computer-graphics-2023-muhammad-sliman/Build/CMakeFiles/CMakeTmp/CMAKE_TRY_COMPILE.build/Debug/cmTC_20391.build/Objects-normal/x86_64/CMakeCXXCompilerABI.o /Applications/CMake.app/Contents/share/cmake-3.22/Modules/CMakeCXXCompilerABI.cpp normal x86_64 c++ com.apple.compilers.llvm.clang.1_0.compiler (in target 'cmTC_20391' from project 'CMAKE_TRY_COMPILE')
    cd /Users/mohammadeid/Documents/GitHub/computer-graphics-2023-muhammad-sliman/Build/CMakeFiles/CMakeTmp
    /Applications/Xcode.app/Contents/Developer/Toolchains/XcodeDefault.xctoolchain/usr/bin/clang -x c++ -target x86_64-apple-macos12.5 -fmessage-length\=0 -fdiagnostics-show-note-include-stack -fmacro-backtrace-limit\=0 -Wno-trigraphs -fpascal-strings -O0 -Wno-missing-field-initializers -Wno-missing-prototypes -Wno-return-type -Wno-non-virtual-dtor -Wno-overloaded-virtual -Wno-exit-time-destructors -Wno-missing-braces -Wparentheses -Wswitch -Wno-unused-function -Wno-unused-label -Wno-unused-parameter -Wno-unused-variable -Wunused-value -Wno-empty-body -Wno-uninitialized -Wno-unknown-pragmas -Wno-shadow -Wno-four-char-constants -Wno-conversion -Wno-constant-conversion -Wno-int-conversion -Wno-bool-conversion -Wno-enum-conversion -Wno-float-conversion -Wno-non-literal-null-conversion -Wno-objc-literal-conversion -Wshorten-64-to-32 -Wno-newline-eof -Wno-c++11-extensions -Wno-implicit-fallthrough -DCMAKE_INTDIR\=\"Debug\" -isysroot /Applications/Xcode.app/Contents/Developer/Platforms/MacOSX.platform/Developer/SDKs/MacOSX13.0.sdk -fasm-blocks -fstrict-aliasing -Wdeprecated-declarations -Winvalid-offsetof -Wno-sign-conversion -Wno-infinite-recursion -Wno-move -Wno-comma -Wno-block-capture-autoreleasing -Wno-strict-prototypes -Wno-range-loop-analysis -Wno-semicolon-before-method-body -I/Users/mohammadeid/Documents/GitHub/computer-graphics-2023-muhammad-sliman/Build/CMakeFiles/CMakeTmp/Debug/include -I/Users/mohammadeid/Documents/GitHub/computer-graphics-2023-muhammad-sliman/Build/CMakeFiles/CMakeTmp/CMAKE_TRY_COMPILE.build/Debug/cmTC_20391.build/DerivedSources-normal/x86_64 -I/Users/mohammadeid/Documents/GitHub/computer-graphics-2023-muhammad-sliman/Build/CMakeFiles/CMakeTmp/CMAKE_TRY_COMPILE.build/Debug/cmTC_20391.build/DerivedSources/x86_64 -I/Users/mohammadeid/Documents/GitHub/computer-graphics-2023-muhammad-sliman/Build/CMakeFiles/CMakeTmp/CMAKE_TRY_COMPILE.build/Debug/cmTC_20391.build/DerivedSources -F/Users/mohammadeid/Documents/GitHub/computer-graphics-2023-muhammad-sliman/Build/CMakeFiles/CMakeTmp/Debug -MMD -MT dependencies -MF /Users/mohammadeid/Documents/GitHub/computer-graphics-2023-muhammad-sliman/Build/CMakeFiles/CMakeTmp/CMAKE_TRY_COMPILE.build/Debug/cmTC_20391.build/Objects-normal/x86_64/CMakeCXXCompilerABI.d --serialize-diagnostics /Users/mohammadeid/Documents/GitHub/computer-graphics-2023-muhammad-sliman/Build/CMakeFiles/CMakeTmp/CMAKE_TRY_COMPILE.build/Debug/cmTC_20391.build/Objects-normal/x86_64/CMakeCXXCompilerABI.dia -c /Applications/CMake.app/Contents/share/cmake-3.22/Modules/CMakeCXXCompilerABI.cpp -o /Users/mohammadeid/Documents/GitHub/computer-graphics-2023-muhammad-sliman/Build/CMakeFiles/CMakeTmp/CMAKE_TRY_COMPILE.build/Debug/cmTC_20391.build/Objects-normal/x86_64/CMakeCXXCompilerABI.o

Ld /Users/mohammadeid/Documents/GitHub/computer-graphics-2023-muhammad-sliman/Build/CMakeFiles/CMakeTmp/Debug/cmTC_20391 normal (in target 'cmTC_20391' from project 'CMAKE_TRY_COMPILE')
    cd /Users/mohammadeid/Documents/GitHub/computer-graphics-2023-muhammad-sliman/Build/CMakeFiles/CMakeTmp
    /Applications/Xcode.app/Contents/Developer/Toolchains/XcodeDefault.xctoolchain/usr/bin/clang++ -target x86_64-apple-macos12.5 -isysroot /Applications/Xcode.app/Contents/Developer/Platforms/MacOSX.platform/Developer/SDKs/MacOSX13.0.sdk -L/Users/mohammadeid/Documents/GitHub/computer-graphics-2023-muhammad-sliman/Build/CMakeFiles/CMakeTmp/EagerLinkingTBDs -L/Users/mohammadeid/Documents/GitHub/computer-graphics-2023-muhammad-sliman/Build/CMakeFiles/CMakeTmp/Debug -F/Users/mohammadeid/Documents/GitHub/computer-graphics-2023-muhammad-sliman/Build/CMakeFiles/CMakeTmp/EagerLinkingTBDs -F/Users/mohammadeid/Documents/GitHub/computer-graphics-2023-muhammad-sliman/Build/CMakeFiles/CMakeTmp/Debug -filelist /Users/mohammadeid/Documents/GitHub/computer-graphics-2023-muhammad-sliman/Build/CMakeFiles/CMakeTmp/CMAKE_TRY_COMPILE.build/Debug/cmTC_20391.build/Objects-normal/x86_64/cmTC_20391.LinkFileList -Xlinker -no_deduplicate -Wl,-search_paths_first -Wl,-headerpad_max_install_names -Xlinker -dependency_info -Xlinker /Users/mohammadeid/Documents/GitHub/computer-graphics-2023-muhammad-sliman/Build/CMakeFiles/CMakeTmp/CMAKE_TRY_COMPILE.build/Debug/cmTC_20391.build/Objects-normal/x86_64/cmTC_20391_dependency_info.dat -o /Users/mohammadeid/Documents/GitHub/computer-graphics-2023-muhammad-sliman/Build/CMakeFiles/CMakeTmp/Debug/cmTC_20391

RegisterExecutionPolicyException /Users/mohammadeid/Documents/GitHub/computer-graphics-2023-muhammad-sliman/Build/CMakeFiles/CMakeTmp/Debug/cmTC_20391 (in target 'cmTC_20391' from project 'CMAKE_TRY_COMPILE')
    cd /Users/mohammadeid/Documents/GitHub/computer-graphics-2023-muhammad-sliman/Build/CMakeFiles/CMakeTmp
    builtin-RegisterExecutionPolicyException /Users/mohammadeid/Documents/GitHub/computer-graphics-2023-muhammad-sliman/Build/CMakeFiles/CMakeTmp/Debug/cmTC_20391

** BUILD SUCCEEDED **




Determining if the include file pthread.h exists passed with the following output:
Change Dir: /Users/mohammadeid/Documents/GitHub/computer-graphics-2023-muhammad-sliman/Build/CMakeFiles/CMakeTmp

Run Build Command(s):/usr/bin/xcodebuild -project CMAKE_TRY_COMPILE.xcodeproj build -target cmTC_b55c2 -parallelizeTargets -configuration Debug -hideShellScriptEnvironment && Command line invocation:
    /Applications/Xcode.app/Contents/Developer/usr/bin/xcodebuild -project CMAKE_TRY_COMPILE.xcodeproj build -target cmTC_b55c2 -parallelizeTargets -configuration Debug -hideShellScriptEnvironment

User defaults from command line:
    HideShellScriptEnvironment = YES
    IDEPackageSupportUseBuiltinSCM = YES

Computing target dependency graph and provisioning inputs

Create build description
Build description signature: da8a0326a98b438eaf47a2cf1fd08b18
Build description path: /Users/mohammadeid/Documents/GitHub/computer-graphics-2023-muhammad-sliman/Build/CMakeFiles/CMakeTmp/build/XCBuildData/da8a0326a98b438eaf47a2cf1fd08b18-desc.xcbuild

note: Building targets in dependency order
CreateBuildDirectory /Users/mohammadeid/Documents/GitHub/computer-graphics-2023-muhammad-sliman/Build/CMakeFiles/CMakeTmp
    cd /Users/mohammadeid/Documents/GitHub/computer-graphics-2023-muhammad-sliman/Build/CMakeFiles/CMakeTmp/CMAKE_TRY_COMPILE.xcodeproj
    builtin-create-build-directory /Users/mohammadeid/Documents/GitHub/computer-graphics-2023-muhammad-sliman/Build/CMakeFiles/CMakeTmp

CreateBuildDirectory /Users/mohammadeid/Documents/GitHub/computer-graphics-2023-muhammad-sliman/Build/CMakeFiles/CMakeTmp/EagerLinkingTBDs
    cd /Users/mohammadeid/Documents/GitHub/computer-graphics-2023-muhammad-sliman/Build/CMakeFiles/CMakeTmp/CMAKE_TRY_COMPILE.xcodeproj
    builtin-create-build-directory /Users/mohammadeid/Documents/GitHub/computer-graphics-2023-muhammad-sliman/Build/CMakeFiles/CMakeTmp/EagerLinkingTBDs

CreateBuildDirectory /Users/mohammadeid/Documents/GitHub/computer-graphics-2023-muhammad-sliman/Build/CMakeFiles/CMakeTmp/Debug
    cd /Users/mohammadeid/Documents/GitHub/computer-graphics-2023-muhammad-sliman/Build/CMakeFiles/CMakeTmp/CMAKE_TRY_COMPILE.xcodeproj
    builtin-create-build-directory /Users/mohammadeid/Documents/GitHub/computer-graphics-2023-muhammad-sliman/Build/CMakeFiles/CMakeTmp/Debug

WriteAuxiliaryFile /Users/mohammadeid/Documents/GitHub/computer-graphics-2023-muhammad-sliman/Build/CMakeFiles/CMakeTmp/CMAKE_TRY_COMPILE.build/Debug/cmTC_b55c2.build/Objects-normal/x86_64/cmTC_b55c2.LinkFileList (in target 'cmTC_b55c2' from project 'CMAKE_TRY_COMPILE')
    cd /Users/mohammadeid/Documents/GitHub/computer-graphics-2023-muhammad-sliman/Build/CMakeFiles/CMakeTmp
    write-file /Users/mohammadeid/Documents/GitHub/computer-graphics-2023-muhammad-sliman/Build/CMakeFiles/CMakeTmp/CMAKE_TRY_COMPILE.build/Debug/cmTC_b55c2.build/Objects-normal/x86_64/cmTC_b55c2.LinkFileList

CompileC /Users/mohammadeid/Documents/GitHub/computer-graphics-2023-muhammad-sliman/Build/CMakeFiles/CMakeTmp/CMAKE_TRY_COMPILE.build/Debug/cmTC_b55c2.build/Objects-normal/x86_64/CheckIncludeFile.o /Users/mohammadeid/Documents/GitHub/computer-graphics-2023-muhammad-sliman/Build/CMakeFiles/CMakeTmp/CheckIncludeFile.c normal x86_64 c com.apple.compilers.llvm.clang.1_0.compiler (in target 'cmTC_b55c2' from project 'CMAKE_TRY_COMPILE')
    cd /Users/mohammadeid/Documents/GitHub/computer-graphics-2023-muhammad-sliman/Build/CMakeFiles/CMakeTmp
    /Applications/Xcode.app/Contents/Developer/Toolchains/XcodeDefault.xctoolchain/usr/bin/clang -x c -target x86_64-apple-macos12.5 -fmessage-length\=0 -fdiagnostics-show-note-include-stack -fmacro-backtrace-limit\=0 -Wno-trigraphs -fpascal-strings -O0 -Wno-missing-field-initializers -Wno-missing-prototypes -Wno-return-type -Wno-missing-braces -Wparentheses -Wswitch -Wno-unused-function -Wno-unused-label -Wno-unused-parameter -Wno-unused-variable -Wunused-value -Wno-empty-body -Wno-uninitialized -Wno-unknown-pragmas -Wno-shadow -Wno-four-char-constants -Wno-conversion -Wno-constant-conversion -Wno-int-conversion -Wno-bool-conversion -Wno-enum-conversion -Wno-float-conversion -Wno-non-literal-null-conversion -Wno-objc-literal-conversion -Wshorten-64-to-32 -Wpointer-sign -Wno-newline-eof -Wno-implicit-fallthrough -DCMAKE_INTDIR\=\"Debug\" -isysroot /Applications/Xcode.app/Contents/Developer/Platforms/MacOSX.platform/Developer/SDKs/MacOSX13.0.sdk -fasm-blocks -fstrict-aliasing -Wdeprecated-declarations -Wno-sign-conversion -Wno-infinite-recursion -Wno-comma -Wno-block-capture-autoreleasing -Wno-strict-prototypes -Wno-semicolon-before-method-body -I/Users/mohammadeid/Documents/GitHub/computer-graphics-2023-muhammad-sliman/Build/CMakeFiles/CMakeTmp/Debug/include -I/Users/mohammadeid/Documents/GitHub/computer-graphics-2023-muhammad-sliman/Build/CMakeFiles/CMakeTmp/CMAKE_TRY_COMPILE.build/Debug/cmTC_b55c2.build/DerivedSources-normal/x86_64 -I/Users/mohammadeid/Documents/GitHub/computer-graphics-2023-muhammad-sliman/Build/CMakeFiles/CMakeTmp/CMAKE_TRY_COMPILE.build/Debug/cmTC_b55c2.build/DerivedSources/x86_64 -I/Users/mohammadeid/Documents/GitHub/computer-graphics-2023-muhammad-sliman/Build/CMakeFiles/CMakeTmp/CMAKE_TRY_COMPILE.build/Debug/cmTC_b55c2.build/DerivedSources -F/Users/mohammadeid/Documents/GitHub/computer-graphics-2023-muhammad-sliman/Build/CMakeFiles/CMakeTmp/Debug -MMD -MT dependencies -MF /Users/mohammadeid/Documents/GitHub/computer-graphics-2023-muhammad-sliman/Build/CMakeFiles/CMakeTmp/CMAKE_TRY_COMPILE.build/Debug/cmTC_b55c2.build/Objects-normal/x86_64/CheckIncludeFile.d --serialize-diagnostics /Users/mohammadeid/Documents/GitHub/computer-graphics-2023-muhammad-sliman/Build/CMakeFiles/CMakeTmp/CMAKE_TRY_COMPILE.build/Debug/cmTC_b55c2.build/Objects-normal/x86_64/CheckIncludeFile.dia -c /Users/mohammadeid/Documents/GitHub/computer-graphics-2023-muhammad-sliman/Build/CMakeFiles/CMakeTmp/CheckIncludeFile.c -o /Users/mohammadeid/Documents/GitHub/computer-graphics-2023-muhammad-sliman/Build/CMakeFiles/CMakeTmp/CMAKE_TRY_COMPILE.build/Debug/cmTC_b55c2.build/Objects-normal/x86_64/CheckIncludeFile.o

Ld /Users/mohammadeid/Documents/GitHub/computer-graphics-2023-muhammad-sliman/Build/CMakeFiles/CMakeTmp/Debug/cmTC_b55c2 normal (in target 'cmTC_b55c2' from project 'CMAKE_TRY_COMPILE')
    cd /Users/mohammadeid/Documents/GitHub/computer-graphics-2023-muhammad-sliman/Build/CMakeFiles/CMakeTmp
    /Applications/Xcode.app/Contents/Developer/Toolchains/XcodeDefault.xctoolchain/usr/bin/clang -target x86_64-apple-macos12.5 -isysroot /Applications/Xcode.app/Contents/Developer/Platforms/MacOSX.platform/Developer/SDKs/MacOSX13.0.sdk -L/Users/mohammadeid/Documents/GitHub/computer-graphics-2023-muhammad-sliman/Build/CMakeFiles/CMakeTmp/EagerLinkingTBDs -L/Users/mohammadeid/Documents/GitHub/computer-graphics-2023-muhammad-sliman/Build/CMakeFiles/CMakeTmp/Debug -F/Users/mohammadeid/Documents/GitHub/computer-graphics-2023-muhammad-sliman/Build/CMakeFiles/CMakeTmp/EagerLinkingTBDs -F/Users/mohammadeid/Documents/GitHub/computer-graphics-2023-muhammad-sliman/Build/CMakeFiles/CMakeTmp/Debug -filelist /Users/mohammadeid/Documents/GitHub/computer-graphics-2023-muhammad-sliman/Build/CMakeFiles/CMakeTmp/CMAKE_TRY_COMPILE.build/Debug/cmTC_b55c2.build/Objects-normal/x86_64/cmTC_b55c2.LinkFileList -Xlinker -no_deduplicate -Wl,-search_paths_first -Wl,-headerpad_max_install_names -Xlinker -dependency_info -Xlinker /Users/mohammadeid/Documents/GitHub/computer-graphics-2023-muhammad-sliman/Build/CMakeFiles/CMakeTmp/CMAKE_TRY_COMPILE.build/Debug/cmTC_b55c2.build/Objects-normal/x86_64/cmTC_b55c2_dependency_info.dat -o /Users/mohammadeid/Documents/GitHub/computer-graphics-2023-muhammad-sliman/Build/CMakeFiles/CMakeTmp/Debug/cmTC_b55c2

RegisterExecutionPolicyException /Users/mohammadeid/Documents/GitHub/computer-graphics-2023-muhammad-sliman/Build/CMakeFiles/CMakeTmp/Debug/cmTC_b55c2 (in target 'cmTC_b55c2' from project 'CMAKE_TRY_COMPILE')
    cd /Users/mohammadeid/Documents/GitHub/computer-graphics-2023-muhammad-sliman/Build/CMakeFiles/CMakeTmp
    builtin-RegisterExecutionPolicyException /Users/mohammadeid/Documents/GitHub/computer-graphics-2023-muhammad-sliman/Build/CMakeFiles/CMakeTmp/Debug/cmTC_b55c2

** BUILD SUCCEEDED **




Performing C SOURCE FILE Test CMAKE_HAVE_LIBC_PTHREAD succeeded with the following output:
Change Dir: /Users/mohammadeid/Documents/GitHub/computer-graphics-2023-muhammad-sliman/Build/CMakeFiles/CMakeTmp

Run Build Command(s):/usr/bin/xcodebuild -project CMAKE_TRY_COMPILE.xcodeproj build -target cmTC_f0756 -parallelizeTargets -configuration Debug -hideShellScriptEnvironment && Command line invocation:
    /Applications/Xcode.app/Contents/Developer/usr/bin/xcodebuild -project CMAKE_TRY_COMPILE.xcodeproj build -target cmTC_f0756 -parallelizeTargets -configuration Debug -hideShellScriptEnvironment

User defaults from command line:
    HideShellScriptEnvironment = YES
    IDEPackageSupportUseBuiltinSCM = YES

Computing target dependency graph and provisioning inputs

Create build description
Build description signature: 3854c486dfeac8622e973d558768ee48
Build description path: /Users/mohammadeid/Documents/GitHub/computer-graphics-2023-muhammad-sliman/Build/CMakeFiles/CMakeTmp/build/XCBuildData/3854c486dfeac8622e973d558768ee48-desc.xcbuild

note: Building targets in dependency order
CreateBuildDirectory /Users/mohammadeid/Documents/GitHub/computer-graphics-2023-muhammad-sliman/Build/CMakeFiles/CMakeTmp
    cd /Users/mohammadeid/Documents/GitHub/computer-graphics-2023-muhammad-sliman/Build/CMakeFiles/CMakeTmp/CMAKE_TRY_COMPILE.xcodeproj
    builtin-create-build-directory /Users/mohammadeid/Documents/GitHub/computer-graphics-2023-muhammad-sliman/Build/CMakeFiles/CMakeTmp

CreateBuildDirectory /Users/mohammadeid/Documents/GitHub/computer-graphics-2023-muhammad-sliman/Build/CMakeFiles/CMakeTmp/EagerLinkingTBDs
    cd /Users/mohammadeid/Documents/GitHub/computer-graphics-2023-muhammad-sliman/Build/CMakeFiles/CMakeTmp/CMAKE_TRY_COMPILE.xcodeproj
    builtin-create-build-directory /Users/mohammadeid/Documents/GitHub/computer-graphics-2023-muhammad-sliman/Build/CMakeFiles/CMakeTmp/EagerLinkingTBDs

CreateBuildDirectory /Users/mohammadeid/Documents/GitHub/computer-graphics-2023-muhammad-sliman/Build/CMakeFiles/CMakeTmp/Debug
    cd /Users/mohammadeid/Documents/GitHub/computer-graphics-2023-muhammad-sliman/Build/CMakeFiles/CMakeTmp/CMAKE_TRY_COMPILE.xcodeproj
    builtin-create-build-directory /Users/mohammadeid/Documents/GitHub/computer-graphics-2023-muhammad-sliman/Build/CMakeFiles/CMakeTmp/Debug

CompileC /Users/mohammadeid/Documents/GitHub/computer-graphics-2023-muhammad-sliman/Build/CMakeFiles/CMakeTmp/CMAKE_TRY_COMPILE.build/Debug/cmTC_f0756.build/Objects-normal/x86_64/src.o /Users/mohammadeid/Documents/GitHub/computer-graphics-2023-muhammad-sliman/Build/CMakeFiles/CMakeTmp/src.c normal x86_64 c com.apple.compilers.llvm.clang.1_0.compiler (in target 'cmTC_f0756' from project 'CMAKE_TRY_COMPILE')
    cd /Users/mohammadeid/Documents/GitHub/computer-graphics-2023-muhammad-sliman/Build/CMakeFiles/CMakeTmp
    /Applications/Xcode.app/Contents/Developer/Toolchains/XcodeDefault.xctoolchain/usr/bin/clang -x c -target x86_64-apple-macos12.5 -fmessage-length\=0 -fdiagnostics-show-note-include-stack -fmacro-backtrace-limit\=0 -Wno-trigraphs -fpascal-strings -O0 -Wno-missing-field-initializers -Wno-missing-prototypes -Wno-return-type -Wno-missing-braces -Wparentheses -Wswitch -Wno-unused-function -Wno-unused-label -Wno-unused-parameter -Wno-unused-variable -Wunused-value -Wno-empty-body -Wno-uninitialized -Wno-unknown-pragmas -Wno-shadow -Wno-four-char-constants -Wno-conversion -Wno-constant-conversion -Wno-int-conversion -Wno-bool-conversion -Wno-enum-conversion -Wno-float-conversion -Wno-non-literal-null-conversion -Wno-objc-literal-conversion -Wshorten-64-to-32 -Wpointer-sign -Wno-newline-eof -Wno-implicit-fallthrough -DCMAKE_INTDIR\=\"Debug\" -DCMAKE_HAVE_LIBC_PTHREAD -isysroot /Applications/Xcode.app/Contents/Developer/Platforms/MacOSX.platform/Developer/SDKs/MacOSX13.0.sdk -fasm-blocks -fstrict-aliasing -Wdeprecated-declarations -Wno-sign-conversion -Wno-infinite-recursion -Wno-comma -Wno-block-capture-autoreleasing -Wno-strict-prototypes -Wno-semicolon-before-method-body -I/Users/mohammadeid/Documents/GitHub/computer-graphics-2023-muhammad-sliman/Build/CMakeFiles/CMakeTmp/Debug/include -I/Users/mohammadeid/Documents/GitHub/computer-graphics-2023-muhammad-sliman/Build/CMakeFiles/CMakeTmp/CMAKE_TRY_COMPILE.build/Debug/cmTC_f0756.build/DerivedSources-normal/x86_64 -I/Users/mohammadeid/Documents/GitHub/computer-graphics-2023-muhammad-sliman/Build/CMakeFiles/CMakeTmp/CMAKE_TRY_COMPILE.build/Debug/cmTC_f0756.build/DerivedSources/x86_64 -I/Users/mohammadeid/Documents/GitHub/computer-graphics-2023-muhammad-sliman/Build/CMakeFiles/CMakeTmp/CMAKE_TRY_COMPILE.build/Debug/cmTC_f0756.build/DerivedSources -F/Users/mohammadeid/Documents/GitHub/computer-graphics-2023-muhammad-sliman/Build/CMakeFiles/CMakeTmp/Debug -MMD -MT dependencies -MF /Users/mohammadeid/Documents/GitHub/computer-graphics-2023-muhammad-sliman/Build/CMakeFiles/CMakeTmp/CMAKE_TRY_COMPILE.build/Debug/cmTC_f0756.build/Objects-normal/x86_64/src.d --serialize-diagnostics /Users/mohammadeid/Documents/GitHub/computer-graphics-2023-muhammad-sliman/Build/CMakeFiles/CMakeTmp/CMAKE_TRY_COMPILE.build/Debug/cmTC_f0756.build/Objects-normal/x86_64/src.dia -c /Users/mohammadeid/Documents/GitHub/computer-graphics-2023-muhammad-sliman/Build/CMakeFiles/CMakeTmp/src.c -o /Users/mohammadeid/Documents/GitHub/computer-graphics-2023-muhammad-sliman/Build/CMakeFiles/CMakeTmp/CMAKE_TRY_COMPILE.build/Debug/cmTC_f0756.build/Objects-normal/x86_64/src.o

WriteAuxiliaryFile /Users/mohammadeid/Documents/GitHub/computer-graphics-2023-muhammad-sliman/Build/CMakeFiles/CMakeTmp/CMAKE_TRY_COMPILE.build/Debug/cmTC_f0756.build/Objects-normal/x86_64/cmTC_f0756.LinkFileList (in target 'cmTC_f0756' from project 'CMAKE_TRY_COMPILE')
    cd /Users/mohammadeid/Documents/GitHub/computer-graphics-2023-muhammad-sliman/Build/CMakeFiles/CMakeTmp
    write-file /Users/mohammadeid/Documents/GitHub/computer-graphics-2023-muhammad-sliman/Build/CMakeFiles/CMakeTmp/CMAKE_TRY_COMPILE.build/Debug/cmTC_f0756.build/Objects-normal/x86_64/cmTC_f0756.LinkFileList

Ld /Users/mohammadeid/Documents/GitHub/computer-graphics-2023-muhammad-sliman/Build/CMakeFiles/CMakeTmp/Debug/cmTC_f0756 normal (in target 'cmTC_f0756' from project 'CMAKE_TRY_COMPILE')
    cd /Users/mohammadeid/Documents/GitHub/computer-graphics-2023-muhammad-sliman/Build/CMakeFiles/CMakeTmp
    /Applications/Xcode.app/Contents/Developer/Toolchains/XcodeDefault.xctoolchain/usr/bin/clang -target x86_64-apple-macos12.5 -isysroot /Applications/Xcode.app/Contents/Developer/Platforms/MacOSX.platform/Developer/SDKs/MacOSX13.0.sdk -L/Users/mohammadeid/Documents/GitHub/computer-graphics-2023-muhammad-sliman/Build/CMakeFiles/CMakeTmp/EagerLinkingTBDs -L/Users/mohammadeid/Documents/GitHub/computer-graphics-2023-muhammad-sliman/Build/CMakeFiles/CMakeTmp/Debug -F/Users/mohammadeid/Documents/GitHub/computer-graphics-2023-muhammad-sliman/Build/CMakeFiles/CMakeTmp/EagerLinkingTBDs -F/Users/mohammadeid/Documents/GitHub/computer-graphics-2023-muhammad-sliman/Build/CMakeFiles/CMakeTmp/Debug -filelist /Users/mohammadeid/Documents/GitHub/computer-graphics-2023-muhammad-sliman/Build/CMakeFiles/CMakeTmp/CMAKE_TRY_COMPILE.build/Debug/cmTC_f0756.build/Objects-normal/x86_64/cmTC_f0756.LinkFileList -Xlinker -no_deduplicate -Wl,-search_paths_first -Wl,-headerpad_max_install_names -Xlinker -dependency_info -Xlinker /Users/mohammadeid/Documents/GitHub/computer-graphics-2023-muhammad-sliman/Build/CMakeFiles/CMakeTmp/CMAKE_TRY_COMPILE.build/Debug/cmTC_f0756.build/Objects-normal/x86_64/cmTC_f0756_dependency_info.dat -o /Users/mohammadeid/Documents/GitHub/computer-graphics-2023-muhammad-sliman/Build/CMakeFiles/CMakeTmp/Debug/cmTC_f0756

RegisterExecutionPolicyException /Users/mohammadeid/Documents/GitHub/computer-graphics-2023-muhammad-sliman/Build/CMakeFiles/CMakeTmp/Debug/cmTC_f0756 (in target 'cmTC_f0756' from project 'CMAKE_TRY_COMPILE')
    cd /Users/mohammadeid/Documents/GitHub/computer-graphics-2023-muhammad-sliman/Build/CMakeFiles/CMakeTmp
    builtin-RegisterExecutionPolicyException /Users/mohammadeid/Documents/GitHub/computer-graphics-2023-muhammad-sliman/Build/CMakeFiles/CMakeTmp/Debug/cmTC_f0756

** BUILD SUCCEEDED **



Source file was:
#include <pthread.h>

static void* test_func(void* data)
{
  return data;
}

int main(void)
{
  pthread_t thread;
  pthread_create(&thread, NULL, test_func, NULL);
  pthread_detach(thread);
  pthread_cancel(thread);
  pthread_join(thread, NULL);
  pthread_atfork(NULL, NULL, NULL);
  pthread_exit(NULL);

  return 0;
}

